<?xml version="1.0" encoding="UTF-8"?>
<!-- Generated by org.testng.reporters.JUnitReportReporter -->
<testsuite hostname="Ashishs-MacBook-Pro.local" name="com.slate.assignment.TodoistCases" tests="1" failures="0" timestamp="13 Feb 2019 09:05:12 GMT" time="15.656" errors="0">
  <testcase name="createProjectCase" time="15.656" classname="com.slate.assignment.TodoistCases"/>
</testsuite> <!-- com.slate.assignment.TodoistCases -->
