<?xml version="1.0" encoding="UTF-8"?>
<!-- Generated by org.testng.reporters.JUnitReportReporter -->
<testsuite hostname="Ashishs-MacBook-Pro.local" name="com.slate.assignment.TodoistCases" tests="2" failures="0" timestamp="16 Feb 2019 08:24:57 GMT" time="95.947" errors="0">
  <testcase name="createProjectCase" time="38.757" classname="com.slate.assignment.TodoistCases"/>
  <testcase name="createTaskCase" time="57.190" classname="com.slate.assignment.TodoistCases"/>
</testsuite> <!-- com.slate.assignment.TodoistCases -->
