<?xml version="1.0" encoding="UTF-8"?>
<!-- Generated by org.testng.reporters.JUnitReportReporter -->
<testsuite hostname="Ashishs-MacBook-Pro.local" name="com.slate.assignment.TodoistCases" tests="1" failures="0" timestamp="14 Feb 2019 08:19:04 GMT" time="47.778" errors="0">
  <testcase name="createProjectCase" time="47.778" classname="com.slate.assignment.TodoistCases"/>
</testsuite> <!-- com.slate.assignment.TodoistCases -->
