<?xml version="1.0" encoding="UTF-8"?>
<!-- Generated by org.testng.reporters.JUnitReportReporter -->
<testsuite hostname="Ashishs-MacBook-Pro.local" name="com.slate.assignment.TodoistCases" tests="3" failures="0" timestamp="16 Feb 2019 16:50:51 GMT" time="167.614" errors="0">
  <testcase name="createProjectCase" time="42.332" classname="com.slate.assignment.TodoistCases"/>
  <testcase name="createTaskCase" time="57.743" classname="com.slate.assignment.TodoistCases"/>
  <testcase name="reopenTask" time="67.539" classname="com.slate.assignment.TodoistCases"/>
</testsuite> <!-- com.slate.assignment.TodoistCases -->
